[2018-12-13 14:24:01.250][DEBUG ][main:82 ] aggiornato stato a SCHEDULED al job in CODA con id 13
[2018-12-13 14:24:01.340][INFO  ][main:51 ] 1544707441- aggiunto job 13 alla CPU CPU1 - ENGINE 10.248.248.109 - (FAM0ASSI - TSFAMAN1)
[2018-12-13 14:24:01.348][DEBUG ][main:86 ] chiamato insert.bash app:FAM0ASSI tab:TSFAMAN1 cpu:CPU1 idcoda:13 per preparare il checkstatus al lancio
[2018-12-13 14:24:01.370][DEBUG ][main:88 ] associato su CODA_ENGINE l'idcoda 13 con   e CPU1
[2018-12-13 14:24:01.378][DEBUG ][main:101] scritto numero ultimo engine usato:0
[2018-12-13 14:26:01.482][INFO  ][main:25 ] Nessun record in coda in stato QUEUED
[2018-12-13 14:34:01.655][INFO  ][main:25 ] Nessun record in coda in stato QUEUED
[2018-12-13 14:40:01.816][INFO  ][main:25 ] Nessun record in coda in stato QUEUED
[2018-12-13 14:42:01.934][INFO  ][main:25 ] Nessun record in coda in stato QUEUED
[2018-12-13 14:46:02.008][INFO  ][main:25 ] Nessun record in coda in stato QUEUED
[2018-12-13 14:48:01.110][INFO  ][main:25 ] Nessun record in coda in stato QUEUED
[2018-12-13 14:52:01.235][INFO  ][main:25 ] Nessun record in coda in stato QUEUED
[2018-12-13 14:54:01.323][INFO  ][main:25 ] Nessun record in coda in stato QUEUED
[2018-12-13 14:56:01.354][INFO  ][main:25 ] Nessun record in coda in stato QUEUED
[2018-12-13 15:02:01.586][INFO  ][main:25 ] Nessun record in coda in stato QUEUED
[2018-12-13 15:06:01.725][INFO  ][main:25 ] Nessun record in coda in stato QUEUED
[2018-12-13 15:12:01.900][INFO  ][main:25 ] Nessun record in coda in stato QUEUED
[2018-12-13 15:22:01.616][INFO  ][main:25 ] Nessun record in coda in stato QUEUED
[2018-12-13 15:24:02.028][INFO  ][main:25 ] Nessun record in coda in stato QUEUED
[2018-12-13 15:32:01.570][INFO  ][main:25 ] Nessun record in coda in stato QUEUED
[2018-12-13 15:38:02.033][INFO  ][main:25 ] Nessun record in coda in stato QUEUED
[2018-12-13 15:40:01.433][INFO  ][main:25 ] Nessun record in coda in stato QUEUED
[2018-12-13 15:42:01.843][INFO  ][main:25 ] Nessun record in coda in stato QUEUED
[2018-12-13 15:44:01.217][INFO  ][main:25 ] Nessun record in coda in stato QUEUED
[2018-12-13 15:52:01.693][INFO  ][main:25 ] Nessun record in coda in stato QUEUED
[2018-12-13 15:58:01.145][INFO  ][main:25 ] Nessun record in coda in stato QUEUED
[2018-12-13 16:02:01.634][INFO  ][main:25 ] Nessun record in coda in stato QUEUED
[2018-12-13 16:04:01.522][INFO  ][main:25 ] Nessun record in coda in stato QUEUED
[2018-12-13 16:20:01.785][INFO  ][main:28 ] trovati 2 record in coda in stato QUEUED - in realta non sono record ma numero di parole risultanti dalla selezione
[2018-12-13 16:20:01.832][DEBUG ][main:82 ] aggiornato stato a SCHEDULED al job in CODA con id 14
[2018-12-13 16:20:01.971][INFO  ][main:51 ] 1544714401- aggiunto job 14 alla CPU CPU2 - ENGINE 10.248.248.109 - (FAM0ASSI - TSFAMAN1)
[2018-12-13 16:20:01.982][DEBUG ][main:86 ] chiamato insert.bash app:FAM0ASSI tab:TSFAMAN1 cpu:CPU2 idcoda:14 per preparare il checkstatus al lancio
[2018-12-13 16:20:01.997][DEBUG ][main:88 ] associato su CODA_ENGINE l'idcoda 14 con   e CPU2
[2018-12-13 16:20:02.007][DEBUG ][main:101] scritto numero ultimo engine usato:0
[2018-12-13 16:22:01.931][INFO  ][main:25 ] Nessun record in coda in stato QUEUED
[2018-12-13 16:24:01.940][INFO  ][main:25 ] Nessun record in coda in stato QUEUED
[2018-12-13 16:34:01.842][INFO  ][main:28 ] trovati 2 record in coda in stato QUEUED - in realta non sono record ma numero di parole risultanti dalla selezione
[2018-12-13 16:34:01.888][DEBUG ][main:82 ] aggiornato stato a SCHEDULED al job in CODA con id 15
[2018-12-13 16:34:01.976][INFO  ][main:51 ] 1544715241- aggiunto job 15 alla CPU CPU1 - ENGINE 10.248.248.109 - (FAM0ASSI - TSFAMAN1)
[2018-12-13 16:34:01.984][DEBUG ][main:86 ] chiamato insert.bash app:FAM0ASSI tab:TSFAMAN1 cpu:CPU1 idcoda:15 per preparare il checkstatus al lancio
[2018-12-13 16:34:02.004][DEBUG ][main:88 ] associato su CODA_ENGINE l'idcoda 15 con   e CPU1
[2018-12-13 16:34:02.012][DEBUG ][main:101] scritto numero ultimo engine usato:0
[2018-12-13 16:36:01.163][INFO  ][main:25 ] Nessun record in coda in stato QUEUED
[2018-12-13 16:44:01.222][INFO  ][main:28 ] trovati 2 record in coda in stato QUEUED - in realta non sono record ma numero di parole risultanti dalla selezione
[2018-12-13 16:44:01.264][DEBUG ][main:82 ] aggiornato stato a SCHEDULED al job in CODA con id 16
[2018-12-13 16:44:01.358][INFO  ][main:51 ] 1544715841- aggiunto job 16 alla CPU CPU2 - ENGINE 10.248.248.109 - (FAM0ASSI - TSFAMAN1)
[2018-12-13 16:44:01.366][DEBUG ][main:86 ] chiamato insert.bash app:FAM0ASSI tab:TSFAMAN1 cpu:CPU2 idcoda:16 per preparare il checkstatus al lancio
[2018-12-13 16:44:01.396][DEBUG ][main:88 ] associato su CODA_ENGINE l'idcoda 16 con   e CPU2
[2018-12-13 16:44:01.405][DEBUG ][main:101] scritto numero ultimo engine usato:0
[2018-12-13 16:46:01.501][INFO  ][main:25 ] Nessun record in coda in stato QUEUED
[2018-12-13 16:48:01.593][INFO  ][main:25 ] Nessun record in coda in stato QUEUED
[2018-12-13 16:50:01.406][INFO  ][main:25 ] Nessun record in coda in stato QUEUED
[2018-12-13 16:52:01.198][INFO  ][main:25 ] Nessun record in coda in stato QUEUED
[2018-12-13 17:02:01.323][INFO  ][main:25 ] Nessun record in coda in stato QUEUED
[2018-12-13 17:04:01.133][INFO  ][main:25 ] Nessun record in coda in stato QUEUED
[2018-12-13 17:06:01.944][INFO  ][main:25 ] Nessun record in coda in stato QUEUED
[2018-12-13 17:08:01.792][INFO  ][main:25 ] Nessun record in coda in stato QUEUED
[2018-12-13 17:10:01.560][INFO  ][main:25 ] Nessun record in coda in stato QUEUED
[2018-12-13 17:14:01.744][INFO  ][main:25 ] Nessun record in coda in stato QUEUED
[2018-12-13 17:16:01.583][INFO  ][main:25 ] Nessun record in coda in stato QUEUED
[2018-12-13 17:42:01.895][INFO  ][main:28 ] trovati 8 record in coda in stato QUEUED - in realta non sono record ma numero di parole risultanti dalla selezione
[2018-12-13 17:42:01.940][DEBUG ][main:82 ] aggiornato stato a SCHEDULED al job in CODA con id 18
[2018-12-13 17:42:02.035][INFO  ][main:51 ] 1544719321- aggiunto job 18 alla CPU CPU1 - ENGINE 10.248.248.109 - (FAM0ASSI - TSFAMAN1)
[2018-12-13 17:42:02.045][DEBUG ][main:86 ] chiamato insert.bash app:FAM0ASSI tab:TSFAMAN1 cpu:CPU1 idcoda:18 per preparare il checkstatus al lancio
[2018-12-13 17:42:02.067][DEBUG ][main:88 ] associato su CODA_ENGINE l'idcoda 18 con   e CPU1
[2018-12-13 17:42:02.074][DEBUG ][main:101] scritto numero ultimo engine usato:0
[2018-12-13 17:42:02.105][DEBUG ][main:82 ] aggiornato stato a SCHEDULED al job in CODA con id 19
[2018-12-13 17:42:02.197][INFO  ][main:51 ] 1544719322- aggiunto job 19 alla CPU CPU2 - ENGINE 10.248.248.109 - (FAM0ASSI - TSFAMAN1)
[2018-12-13 17:42:02.205][DEBUG ][main:86 ] chiamato insert.bash app:FAM0ASSI tab:TSFAMAN1 cpu:CPU2 idcoda:19 per preparare il checkstatus al lancio
[2018-12-13 17:42:02.216][DEBUG ][main:88 ] associato su CODA_ENGINE l'idcoda 19 con   e CPU2
[2018-12-13 17:42:02.223][DEBUG ][main:101] scritto numero ultimo engine usato:0
[2018-12-13 17:42:02.253][DEBUG ][main:82 ] aggiornato stato a SCHEDULED al job in CODA con id 20
[2018-12-13 17:42:02.343][INFO  ][main:51 ] 1544719322- aggiunto job 20 alla CPU CPU3 - ENGINE 10.248.248.109 - (FAM0ASSI - TSFAMAN1)
[2018-12-13 17:42:02.351][DEBUG ][main:86 ] chiamato insert.bash app:FAM0ASSI tab:TSFAMAN1 cpu:CPU3 idcoda:20 per preparare il checkstatus al lancio
[2018-12-13 17:42:02.362][DEBUG ][main:88 ] associato su CODA_ENGINE l'idcoda 20 con   e CPU3
[2018-12-13 17:42:02.370][DEBUG ][main:101] scritto numero ultimo engine usato:0
[2018-12-13 17:42:02.399][DEBUG ][main:82 ] aggiornato stato a SCHEDULED al job in CODA con id 21
[2018-12-13 17:42:02.490][INFO  ][main:51 ] 1544719322- aggiunto job 21 alla CPU CPU4 - ENGINE 10.248.248.109 - (FAM0ASSI - TSFAMAN1)
[2018-12-13 17:42:02.498][DEBUG ][main:86 ] chiamato insert.bash app:FAM0ASSI tab:TSFAMAN1 cpu:CPU4 idcoda:21 per preparare il checkstatus al lancio
[2018-12-13 17:42:02.509][DEBUG ][main:88 ] associato su CODA_ENGINE l'idcoda 21 con   e CPU4
[2018-12-13 17:42:02.516][DEBUG ][main:101] scritto numero ultimo engine usato:0
[2018-12-13 17:44:01.617][INFO  ][main:25 ] Nessun record in coda in stato QUEUED
[2018-12-13 17:46:01.930][INFO  ][main:25 ] Nessun record in coda in stato QUEUED
[2018-12-13 17:48:01.354][INFO  ][main:28 ] trovati 2 record in coda in stato QUEUED - in realta non sono record ma numero di parole risultanti dalla selezione
[2018-12-13 17:48:01.399][DEBUG ][main:82 ] aggiornato stato a SCHEDULED al job in CODA con id 22
[2018-12-13 17:48:01.494][INFO  ][main:51 ] 1544719681- aggiunto job 22 alla CPU CPU1 - ENGINE 10.248.248.109 - (FAM0ASSI - TSFAMAN1)
[2018-12-13 17:48:01.502][DEBUG ][main:86 ] chiamato insert.bash app:FAM0ASSI tab:TSFAMAN1 cpu:CPU1 idcoda:22 per preparare il checkstatus al lancio
[2018-12-13 17:48:01.523][DEBUG ][main:88 ] associato su CODA_ENGINE l'idcoda 22 con   e CPU1
[2018-12-13 17:48:01.530][DEBUG ][main:101] scritto numero ultimo engine usato:0
[2018-12-13 17:50:01.764][INFO  ][main:28 ] trovati 2 record in coda in stato QUEUED - in realta non sono record ma numero di parole risultanti dalla selezione
[2018-12-13 17:50:01.804][DEBUG ][main:82 ] aggiornato stato a SCHEDULED al job in CODA con id 23
[2018-12-13 17:50:01.898][INFO  ][main:51 ] 1544719801- aggiunto job 23 alla CPU CPU1 - ENGINE 10.248.248.109 - (FAM0ASSI - TSFAMAN1)
[2018-12-13 17:50:01.906][DEBUG ][main:86 ] chiamato insert.bash app:FAM0ASSI tab:TSFAMAN1 cpu:CPU1 idcoda:23 per preparare il checkstatus al lancio
[2018-12-13 17:50:01.927][DEBUG ][main:88 ] associato su CODA_ENGINE l'idcoda 23 con   e CPU1
[2018-12-13 17:50:01.935][DEBUG ][main:101] scritto numero ultimo engine usato:0
[2018-12-13 17:52:02.022][INFO  ][main:25 ] Nessun record in coda in stato QUEUED
[2018-12-13 17:54:01.432][INFO  ][main:25 ] Nessun record in coda in stato QUEUED
[2018-12-13 17:56:01.877][INFO  ][main:25 ] Nessun record in coda in stato QUEUED
[2018-12-13 17:58:01.355][INFO  ][main:25 ] Nessun record in coda in stato QUEUED
[2018-12-13 18:00:01.770][INFO  ][main:25 ] Nessun record in coda in stato QUEUED
[2018-12-13 18:02:01.255][INFO  ][main:25 ] Nessun record in coda in stato QUEUED
[2018-12-13 18:04:01.710][INFO  ][main:25 ] Nessun record in coda in stato QUEUED
[2018-12-13 18:06:01.123][INFO  ][main:25 ] Nessun record in coda in stato QUEUED
[2018-12-13 18:08:01.568][INFO  ][main:25 ] Nessun record in coda in stato QUEUED
[2018-12-13 18:10:01.985][INFO  ][main:25 ] Nessun record in coda in stato QUEUED
[2018-12-13 18:12:01.320][INFO  ][main:25 ] Nessun record in coda in stato QUEUED
[2018-12-13 18:14:01.682][INFO  ][main:25 ] Nessun record in coda in stato QUEUED
[2018-12-13 18:16:02.052][INFO  ][main:28 ] trovati 2 record in coda in stato QUEUED - in realta non sono record ma numero di parole risultanti dalla selezione
[2018-12-13 18:16:02.097][DEBUG ][main:82 ] aggiornato stato a SCHEDULED al job in CODA con id 24
[2018-12-13 18:16:02.190][INFO  ][main:51 ] 1544721362- aggiunto job 24 alla CPU CPU2 - ENGINE 10.248.248.109 - (FAM0ASSI - TSFAMAN1)
[2018-12-13 18:16:02.198][DEBUG ][main:86 ] chiamato insert.bash app:FAM0ASSI tab:TSFAMAN1 cpu:CPU2 idcoda:24 per preparare il checkstatus al lancio
[2018-12-13 18:16:02.225][DEBUG ][main:88 ] associato su CODA_ENGINE l'idcoda 24 con   e CPU2
[2018-12-13 18:16:02.232][DEBUG ][main:101] scritto numero ultimo engine usato:0
[2018-12-13 18:18:39.332][INFO  ][main:28 ] trovati 2 record in coda in stato QUEUED - in realta non sono record ma numero di parole risultanti dalla selezione
[2018-12-13 18:18:39.370][DEBUG ][main:82 ] aggiornato stato a SCHEDULED al job in CODA con id 25
[2018-12-13 18:18:39.456][INFO  ][main:51 ] 1544721519- aggiunto job 25 alla CPU CPU1 - ENGINE 10.248.248.109 - (FAM0ASSI - TSFAMAN1)
[2018-12-13 18:18:39.464][DEBUG ][main:86 ] chiamato insert.bash app:FAM0ASSI tab:TSFAMAN1 cpu:CPU1 idcoda:25 per preparare il checkstatus al lancio
[2018-12-13 18:18:39.484][DEBUG ][main:88 ] associato su CODA_ENGINE l'idcoda 25 con   e CPU1
[2018-12-13 18:18:39.491][DEBUG ][main:101] scritto numero ultimo engine usato:0
[2018-12-14 12:06:01.812][INFO  ][main:28 ] trovati 2 record in coda in stato QUEUED - in realta non sono record ma numero di parole risultanti dalla selezione
[2018-12-14 12:06:01.849][DEBUG ][main:82 ] aggiornato stato a SCHEDULED al job in CODA con id 35
[2018-12-14 12:06:01.937][INFO  ][main:51 ] 1544785561- aggiunto job 35 alla CPU CPU2 - ENGINE 10.248.248.109 - (FAM0ASSI - TSFAMAN1)
[2018-12-14 12:06:01.945][DEBUG ][main:86 ] chiamato insert.bash app:FAM0ASSI tab:TSFAMAN1 cpu:CPU2 idcoda:35 per preparare il checkstatus al lancio
[2018-12-14 12:06:01.966][DEBUG ][main:88 ] associato su CODA_ENGINE l'idcoda 35 con   e CPU2
[2018-12-14 12:06:01.973][DEBUG ][main:101] scritto numero ultimo engine usato:0
[2018-12-14 12:08:01.980][INFO  ][main:25 ] Nessun record in coda in stato QUEUED
[2018-12-14 12:10:01.428][INFO  ][main:25 ] Nessun record in coda in stato QUEUED
[2018-12-14 12:12:01.836][INFO  ][main:25 ] Nessun record in coda in stato QUEUED
[2018-12-14 12:14:01.233][INFO  ][main:25 ] Nessun record in coda in stato QUEUED
[2018-12-14 12:16:01.691][INFO  ][main:25 ] Nessun record in coda in stato QUEUED
[2018-12-14 12:18:01.440][INFO  ][main:25 ] Nessun record in coda in stato QUEUED
[2018-12-14 12:20:01.276][INFO  ][main:25 ] Nessun record in coda in stato QUEUED
[2018-12-14 12:32:01.258][INFO  ][main:25 ] Nessun record in coda in stato QUEUED
[2018-12-14 12:34:02.004][INFO  ][main:25 ] Nessun record in coda in stato QUEUED
[2018-12-14 12:36:01.821][INFO  ][main:25 ] Nessun record in coda in stato QUEUED
[2018-12-14 12:38:01.578][INFO  ][main:25 ] Nessun record in coda in stato QUEUED
[2018-12-14 12:40:01.312][INFO  ][main:25 ] Nessun record in coda in stato QUEUED
[2018-12-14 12:42:01.075][INFO  ][main:25 ] Nessun record in coda in stato QUEUED
[2018-12-14 12:44:01.828][INFO  ][main:25 ] Nessun record in coda in stato QUEUED
[2018-12-14 12:46:01.565][INFO  ][main:25 ] Nessun record in coda in stato QUEUED
[2018-12-14 12:48:01.313][INFO  ][main:25 ] Nessun record in coda in stato QUEUED
[2018-12-14 12:50:02.109][INFO  ][main:25 ] Nessun record in coda in stato QUEUED
[2018-12-14 12:52:01.845][INFO  ][main:25 ] Nessun record in coda in stato QUEUED
[2018-12-14 12:54:01.578][INFO  ][main:25 ] Nessun record in coda in stato QUEUED
[2018-12-14 12:56:01.386][INFO  ][main:25 ] Nessun record in coda in stato QUEUED
[2018-12-14 12:58:01.121][INFO  ][main:25 ] Nessun record in coda in stato QUEUED
[2018-12-14 13:00:01.878][INFO  ][main:25 ] Nessun record in coda in stato QUEUED
[2018-12-14 13:02:01.713][INFO  ][main:25 ] Nessun record in coda in stato QUEUED
[2018-12-14 13:04:01.454][INFO  ][main:25 ] Nessun record in coda in stato QUEUED
[2018-12-14 13:06:01.394][INFO  ][main:25 ] Nessun record in coda in stato QUEUED
[2018-12-14 13:08:01.187][INFO  ][main:25 ] Nessun record in coda in stato QUEUED
[2018-12-14 13:10:01.943][INFO  ][main:25 ] Nessun record in coda in stato QUEUED
[2018-12-14 13:12:01.661][INFO  ][main:25 ] Nessun record in coda in stato QUEUED
[2018-12-14 13:14:01.417][INFO  ][main:25 ] Nessun record in coda in stato QUEUED
[2018-12-14 13:16:01.236][INFO  ][main:25 ] Nessun record in coda in stato QUEUED
[2018-12-14 13:18:01.972][INFO  ][main:25 ] Nessun record in coda in stato QUEUED
[2018-12-14 13:20:01.732][INFO  ][main:25 ] Nessun record in coda in stato QUEUED
[2018-12-14 13:22:01.459][INFO  ][main:25 ] Nessun record in coda in stato QUEUED
[2018-12-14 13:24:01.211][INFO  ][main:25 ] Nessun record in coda in stato QUEUED
[2018-12-14 13:26:01.931][INFO  ][main:25 ] Nessun record in coda in stato QUEUED
[2018-12-14 13:28:01.669][INFO  ][main:25 ] Nessun record in coda in stato QUEUED
[2018-12-14 13:30:01.416][INFO  ][main:25 ] Nessun record in coda in stato QUEUED
[2018-12-14 13:32:01.149][INFO  ][main:25 ] Nessun record in coda in stato QUEUED
[2018-12-14 13:34:01.916][INFO  ][main:25 ] Nessun record in coda in stato QUEUED
[2018-12-14 13:36:01.687][INFO  ][main:25 ] Nessun record in coda in stato QUEUED
[2018-12-14 13:38:01.410][INFO  ][main:25 ] Nessun record in coda in stato QUEUED
[2018-12-14 13:40:01.151][INFO  ][main:25 ] Nessun record in coda in stato QUEUED
[2018-12-14 13:42:01.955][INFO  ][main:25 ] Nessun record in coda in stato QUEUED
[2018-12-14 13:44:01.699][INFO  ][main:25 ] Nessun record in coda in stato QUEUED
[2018-12-14 13:46:01.429][INFO  ][main:25 ] Nessun record in coda in stato QUEUED
[2018-12-14 13:48:01.161][INFO  ][main:25 ] Nessun record in coda in stato QUEUED
[2018-12-14 13:50:01.962][INFO  ][main:25 ] Nessun record in coda in stato QUEUED
[2018-12-14 13:52:01.703][INFO  ][main:25 ] Nessun record in coda in stato QUEUED
[2018-12-14 13:54:01.419][INFO  ][main:25 ] Nessun record in coda in stato QUEUED
[2018-12-14 13:56:01.136][INFO  ][main:25 ] Nessun record in coda in stato QUEUED
[2018-12-14 13:58:01.856][INFO  ][main:25 ] Nessun record in coda in stato QUEUED
[2018-12-14 14:00:01.640][INFO  ][main:25 ] Nessun record in coda in stato QUEUED
[2018-12-14 14:02:01.361][INFO  ][main:25 ] Nessun record in coda in stato QUEUED
[2018-12-14 14:04:01.082][INFO  ][main:25 ] Nessun record in coda in stato QUEUED
[2018-12-14 14:06:01.918][INFO  ][main:25 ] Nessun record in coda in stato QUEUED
[2018-12-14 14:08:01.700][INFO  ][main:25 ] Nessun record in coda in stato QUEUED
[2018-12-14 14:10:01.441][INFO  ][main:25 ] Nessun record in coda in stato QUEUED
[2018-12-14 14:12:01.104][INFO  ][main:25 ] Nessun record in coda in stato QUEUED
[2018-12-14 14:14:01.864][INFO  ][main:25 ] Nessun record in coda in stato QUEUED
[2018-12-14 14:16:01.635][INFO  ][main:25 ] Nessun record in coda in stato QUEUED
[2018-12-14 14:18:01.401][INFO  ][main:25 ] Nessun record in coda in stato QUEUED
[2018-12-14 14:20:01.182][INFO  ][main:25 ] Nessun record in coda in stato QUEUED
[2018-12-14 14:22:01.902][INFO  ][main:25 ] Nessun record in coda in stato QUEUED
[2018-12-14 14:24:01.643][INFO  ][main:25 ] Nessun record in coda in stato QUEUED
[2018-12-14 14:46:01.803][INFO  ][main:25 ] Nessun record in coda in stato QUEUED
[2018-12-14 14:48:01.745][INFO  ][main:25 ] Nessun record in coda in stato QUEUED
[2018-12-14 14:50:01.720][INFO  ][main:25 ] Nessun record in coda in stato QUEUED
[2018-12-14 14:52:01.726][INFO  ][main:25 ] Nessun record in coda in stato QUEUED
[2018-12-14 14:54:01.701][INFO  ][main:25 ] Nessun record in coda in stato QUEUED
[2018-12-14 14:56:01.743][INFO  ][main:25 ] Nessun record in coda in stato QUEUED
[2018-12-14 14:58:01.084][INFO  ][main:25 ] Nessun record in coda in stato QUEUED
[2018-12-14 15:02:01.381][INFO  ][main:25 ] Nessun record in coda in stato QUEUED
[2018-12-14 15:04:01.601][INFO  ][main:25 ] Nessun record in coda in stato QUEUED
[2018-12-14 15:06:01.997][INFO  ][main:25 ] Nessun record in coda in stato QUEUED
[2018-12-14 15:08:01.204][INFO  ][main:25 ] Nessun record in coda in stato QUEUED
[2018-12-14 15:10:01.512][INFO  ][main:25 ] Nessun record in coda in stato QUEUED
[2018-12-14 15:16:01.396][INFO  ][main:25 ] Nessun record in coda in stato QUEUED
[2018-12-14 15:22:01.730][INFO  ][main:25 ] Nessun record in coda in stato QUEUED
[2018-12-14 15:24:01.607][INFO  ][main:25 ] Nessun record in coda in stato QUEUED
